<?xml version="1.0" encoding="utf-8"?><testsuites name="pytest tests"><testsuite name="pytest" errors="0" failures="0" skipped="0" tests="36" time="11.875" timestamp="2026-04-29T12:37:30.288795+00:00" hostname="agent-env-c446d4c7-129a-43ef-a4a6-d07e12d63071"><testcase classname="backend.tests.backend_test.TestAuth" name="test_signup_resident" time="0.457" /><testcase classname="backend.tests.backend_test.TestAuth" name="test_signup_admin" time="0.272" /><testcase classname="backend.tests.backend_test.TestAuth" name="test_signup_duplicate_email" time="0.317" /><testcase classname="backend.tests.backend_test.TestAuth" name="test_login_success" time="0.272" /><testcase classname="backend.tests.backend_test.TestAuth" name="test_login_invalid" time="0.273" /><testcase classname="backend.tests.backend_test.TestAuth" name="test_me_with_token" time="0.435" /><testcase classname="backend.tests.backend_test.TestAuth" name="test_me_without_token" time="0.047" /><testcase classname="backend.tests.backend_test.TestReports" name="test_create_report_pending" time="0.108" /><testcase classname="backend.tests.backend_test.TestReports" name="test_list_reports_mine" time="0.215" /><testcase classname="backend.tests.backend_test.TestReports" name="test_list_filters" time="0.097" /><testcase classname="backend.tests.backend_test.TestReports" name="test_reports_all_forbidden_for_resident" time="0.115" /><testcase classname="backend.tests.backend_test.TestReports" name="test_reports_all_admin" time="0.508" /><testcase classname="backend.tests.backend_test.TestReports" name="test_verify_increments_points" time="0.426" /><testcase classname="backend.tests.backend_test.TestStats" name="test_overview" time="0.049" /><testcase classname="backend.tests.backend_test.TestStats" name="test_weekly" time="0.052" /><testcase classname="backend.tests.backend_test.TestStats" name="test_leaderboard" time="0.053" /><testcase classname="backend.tests.backend_test.TestChat" name="test_chat_english" time="2.608" /><testcase classname="backend.tests.backend_test.TestChat" name="test_chat_hindi_with_session" time="1.778" /><testcase classname="backend.tests.backend_test.TestIVR" name="test_ivr_flow" time="0.220" /><testcase classname="backend.tests.backend_test.TestVoice" name="test_voice_empty_rejected" time="0.138" /><testcase classname="backend.tests.backend_test.TestVoice" name="test_voice_unauthenticated" time="0.140" /><testcase classname="backend.tests.backend_test.TestAdminExport" name="test_export_reports_csv_admin" time="0.109" /><testcase classname="backend.tests.backend_test.TestAdminExport" name="test_export_users_csv_admin" time="0.113" /><testcase classname="backend.tests.backend_test.TestAdminExport" name="test_export_forbidden_for_resident" time="0.106" /><testcase classname="backend.tests.test_iter2.TestTwilioVoice" name="test_voice_default_english" time="0.138" /><testcase classname="backend.tests.test_iter2.TestTwilioVoice" name="test_voice_india_hindi" time="0.098" /><testcase classname="backend.tests.test_iter2.TestTwilioVoice" name="test_gather_digit1_returns_record" time="0.211" /><testcase classname="backend.tests.test_iter2.TestTwilioVoice" name="test_gather_invalid_digit_replays_menu" time="0.215" /><testcase classname="backend.tests.test_iter2.TestTwilioVoice" name="test_recording_done_returns_thankyou_hangup" time="0.403" /><testcase classname="backend.tests.test_iter2.TestIntegrations" name="test_status_requires_auth" time="0.055" /><testcase classname="backend.tests.test_iter2.TestIntegrations" name="test_status_forbidden_for_resident" time="0.122" /><testcase classname="backend.tests.test_iter2.TestIntegrations" name="test_status_admin_returns_stub" time="0.145" /><testcase classname="backend.tests.test_iter2.TestIntegrations" name="test_sheets_sync_400_when_unconfigured" time="0.106" /><testcase classname="backend.tests.test_iter2.TestIntegrations" name="test_sheets_pull_400_when_unconfigured" time="0.099" /><testcase classname="backend.tests.test_iter2.TestAreaRouting" name="test_report_stores_area_from_user" time="0.377" /><testcase classname="backend.tests.test_iter2.TestAreaRouting" name="test_supervisor_sees_only_own_area" time="0.925" /></testsuite></testsuites>