<?xml version="1.0" encoding="utf-8"?><testsuites name="pytest tests"><testsuite name="pytest" errors="0" failures="0" skipped="0" tests="24" time="9.527" timestamp="2026-04-29T12:23:18.024157+00:00" hostname="agent-env-c446d4c7-129a-43ef-a4a6-d07e12d63071"><testcase classname="backend.tests.backend_test.TestAuth" name="test_signup_resident" time="0.378" /><testcase classname="backend.tests.backend_test.TestAuth" name="test_signup_admin" time="0.270" /><testcase classname="backend.tests.backend_test.TestAuth" name="test_signup_duplicate_email" time="0.320" /><testcase classname="backend.tests.backend_test.TestAuth" name="test_login_success" time="0.273" /><testcase classname="backend.tests.backend_test.TestAuth" name="test_login_invalid" time="0.273" /><testcase classname="backend.tests.backend_test.TestAuth" name="test_me_with_token" time="0.492" /><testcase classname="backend.tests.backend_test.TestAuth" name="test_me_without_token" time="0.048" /><testcase classname="backend.tests.backend_test.TestReports" name="test_create_report_pending" time="0.109" /><testcase classname="backend.tests.backend_test.TestReports" name="test_list_reports_mine" time="0.221" /><testcase classname="backend.tests.backend_test.TestReports" name="test_list_filters" time="0.107" /><testcase classname="backend.tests.backend_test.TestReports" name="test_reports_all_forbidden_for_resident" time="0.151" /><testcase classname="backend.tests.backend_test.TestReports" name="test_reports_all_admin" time="0.435" /><testcase classname="backend.tests.backend_test.TestReports" name="test_verify_increments_points" time="0.458" /><testcase classname="backend.tests.backend_test.TestStats" name="test_overview" time="0.049" /><testcase classname="backend.tests.backend_test.TestStats" name="test_weekly" time="0.050" /><testcase classname="backend.tests.backend_test.TestStats" name="test_leaderboard" time="0.045" /><testcase classname="backend.tests.backend_test.TestChat" name="test_chat_english" time="3.229" /><testcase classname="backend.tests.backend_test.TestChat" name="test_chat_hindi_with_session" time="1.721" /><testcase classname="backend.tests.backend_test.TestIVR" name="test_ivr_flow" time="0.232" /><testcase classname="backend.tests.backend_test.TestVoice" name="test_voice_empty_rejected" time="0.139" /><testcase classname="backend.tests.backend_test.TestVoice" name="test_voice_unauthenticated" time="0.110" /><testcase classname="backend.tests.backend_test.TestAdminExport" name="test_export_reports_csv_admin" time="0.140" /><testcase classname="backend.tests.backend_test.TestAdminExport" name="test_export_users_csv_admin" time="0.110" /><testcase classname="backend.tests.backend_test.TestAdminExport" name="test_export_forbidden_for_resident" time="0.109" /></testsuite></testsuites>